<?xml version="1.0" encoding="UTF-8"?>
<!-- Generated by org.testng.reporters.JUnitReportReporter -->
<testsuite skipped="0" hostname="LIN19001909" name="com.qa.apacheclient.test.ValidatePostRequest" tests="1" failures="0" timestamp="2020-09-23T14:16:28 IST" time="2.156" errors="0">
  <testcase name="postRequestTest" time="2.156" classname="com.qa.apacheclient.test.ValidatePostRequest"/>
  <system-out/>
</testsuite> <!-- com.qa.apacheclient.test.ValidatePostRequest -->
