<?xml version="1.0" encoding="UTF-8"?>
<!-- Generated by org.testng.reporters.JUnitReportReporter -->
<testsuite skipped="0" hostname="LIN19001909" name="com.qa.apacheclient.test.validateGetRequest" tests="1" failures="0" timestamp="2020-09-22T23:31:53 IST" time="2.032" errors="0">
  <testcase name="getRequestTest" time="2.032" classname="com.qa.apacheclient.test.validateGetRequest"/>
  <system-out/>
</testsuite> <!-- com.qa.apacheclient.test.validateGetRequest -->
